/var/spool/slurm/slurmd/state/job1070213/slurm_script: line 8: workon: command not found
Looking for config file in /cluster/project/hilliges/mbressieux/log/chickchicken/cfg_args
Config file found: /cluster/project/hilliges/mbressieux/log/chickchicken/cfg_args
Rendering /cluster/project/hilliges/mbressieux/log/chickchicken
Loading trained model at iteration 20000 [03/07 18:07:31]
Found dataset.json file, assuming Nerfies data set! [03/07 18:07:31]
Reading Nerfies Info [03/07 18:07:31]
 [03/07 18:07:36]
Loading Training Cameras [03/07 18:07:36]
Loading Test Cameras [03/07 18:07:39]
Rendering progress:   0%|          | 0/114 [00:00<?, ?it/s]Rendering progress:   1%|          | 1/114 [00:01<01:53,  1.01s/it]Rendering progress:   2%|â–         | 2/114 [00:01<01:08,  1.62it/s]Rendering progress:   3%|â–Ž         | 3/114 [00:01<00:55,  2.02it/s]Rendering progress:   4%|â–Ž         | 4/114 [00:02<00:48,  2.29it/s]Rendering progress:   4%|â–         | 5/114 [00:02<00:43,  2.48it/s]Rendering progress:   5%|â–Œ         | 6/114 [00:02<00:42,  2.52it/s]Rendering progress:   6%|â–Œ         | 7/114 [00:03<00:40,  2.64it/s]Rendering progress:   7%|â–‹         | 8/114 [00:03<00:38,  2.73it/s]Rendering progress:   8%|â–Š         | 9/114 [00:03<00:37,  2.80it/s]Rendering progress:   9%|â–‰         | 10/114 [00:04<00:36,  2.82it/s]Rendering progress:  10%|â–‰         | 11/114 [00:04<00:36,  2.84it/s]Rendering progress:  11%|â–ˆ         | 12/114 [00:04<00:35,  2.85it/s]Rendering progress:  11%|â–ˆâ–        | 13/114 [00:05<00:35,  2.88it/s]Rendering progress:  12%|â–ˆâ–        | 14/114 [00:05<00:34,  2.89it/s]Rendering progress:  13%|â–ˆâ–Ž        | 15/114 [00:05<00:34,  2.90it/s]Rendering progress:  14%|â–ˆâ–        | 16/114 [00:06<00:33,  2.91it/s]Rendering progress:  15%|â–ˆâ–        | 17/114 [00:06<00:33,  2.93it/s]Rendering progress:  16%|â–ˆâ–Œ        | 18/114 [00:06<00:33,  2.85it/s]Rendering progress:  17%|â–ˆâ–‹        | 19/114 [00:07<00:33,  2.87it/s]Rendering progress:  18%|â–ˆâ–Š        | 20/114 [00:07<00:32,  2.90it/s]Rendering progress:  18%|â–ˆâ–Š        | 21/114 [00:07<00:32,  2.87it/s]Rendering progress:  19%|â–ˆâ–‰        | 22/114 [00:08<00:32,  2.87it/s]Rendering progress:  20%|â–ˆâ–ˆ        | 23/114 [00:08<00:31,  2.87it/s]Rendering progress:  21%|â–ˆâ–ˆ        | 24/114 [00:08<00:31,  2.88it/s]Rendering progress:  22%|â–ˆâ–ˆâ–       | 25/114 [00:09<00:31,  2.85it/s]Rendering progress:  23%|â–ˆâ–ˆâ–Ž       | 26/114 [00:09<00:30,  2.87it/s]Rendering progress:  24%|â–ˆâ–ˆâ–Ž       | 27/114 [00:10<00:30,  2.89it/s]Rendering progress:  25%|â–ˆâ–ˆâ–       | 28/114 [00:10<00:29,  2.92it/s]Rendering progress:  25%|â–ˆâ–ˆâ–Œ       | 29/114 [00:10<00:29,  2.84it/s]Rendering progress:  26%|â–ˆâ–ˆâ–‹       | 30/114 [00:11<00:31,  2.68it/s]Rendering progress:  27%|â–ˆâ–ˆâ–‹       | 31/114 [00:11<00:31,  2.60it/s]Rendering progress:  28%|â–ˆâ–ˆâ–Š       | 32/114 [00:11<00:30,  2.66it/s]Rendering progress:  29%|â–ˆâ–ˆâ–‰       | 33/114 [00:12<00:29,  2.73it/s]Rendering progress:  30%|â–ˆâ–ˆâ–‰       | 34/114 [00:12<00:30,  2.63it/s]Rendering progress:  31%|â–ˆâ–ˆâ–ˆ       | 35/114 [00:13<00:29,  2.65it/s]Rendering progress:  32%|â–ˆâ–ˆâ–ˆâ–      | 36/114 [00:13<00:30,  2.59it/s]Rendering progress:  32%|â–ˆâ–ˆâ–ˆâ–      | 37/114 [00:13<00:29,  2.62it/s]Rendering progress:  33%|â–ˆâ–ˆâ–ˆâ–Ž      | 38/114 [00:14<00:28,  2.71it/s]Rendering progress:  34%|â–ˆâ–ˆâ–ˆâ–      | 39/114 [00:14<00:26,  2.79it/s]Rendering progress:  35%|â–ˆâ–ˆâ–ˆâ–Œ      | 40/114 [00:14<00:26,  2.83it/s]Rendering progress:  36%|â–ˆâ–ˆâ–ˆâ–Œ      | 41/114 [00:15<00:25,  2.85it/s]Rendering progress:  37%|â–ˆâ–ˆâ–ˆâ–‹      | 42/114 [00:15<00:25,  2.87it/s]Rendering progress:  38%|â–ˆâ–ˆâ–ˆâ–Š      | 43/114 [00:15<00:24,  2.89it/s]Rendering progress:  39%|â–ˆâ–ˆâ–ˆâ–Š      | 44/114 [00:16<00:24,  2.90it/s]Rendering progress:  39%|â–ˆâ–ˆâ–ˆâ–‰      | 45/114 [00:16<00:23,  2.90it/s]Rendering progress:  40%|â–ˆâ–ˆâ–ˆâ–ˆ      | 46/114 [00:16<00:23,  2.90it/s]Rendering progress:  41%|â–ˆâ–ˆâ–ˆâ–ˆ      | 47/114 [00:17<00:24,  2.71it/s]Rendering progress:  42%|â–ˆâ–ˆâ–ˆâ–ˆâ–     | 48/114 [00:17<00:25,  2.61it/s]Rendering progress:  43%|â–ˆâ–ˆâ–ˆâ–ˆâ–Ž     | 49/114 [00:18<00:25,  2.59it/s]Rendering progress:  44%|â–ˆâ–ˆâ–ˆâ–ˆâ–     | 50/114 [00:18<00:23,  2.70it/s]Rendering progress:  45%|â–ˆâ–ˆâ–ˆâ–ˆâ–     | 51/114 [00:18<00:22,  2.78it/s]Rendering progress:  46%|â–ˆâ–ˆâ–ˆâ–ˆâ–Œ     | 52/114 [00:19<00:22,  2.75it/s]Rendering progress:  46%|â–ˆâ–ˆâ–ˆâ–ˆâ–‹     | 53/114 [00:19<00:22,  2.68it/s]Rendering progress:  47%|â–ˆâ–ˆâ–ˆâ–ˆâ–‹     | 54/114 [00:19<00:22,  2.71it/s]Rendering progress:  48%|â–ˆâ–ˆâ–ˆâ–ˆâ–Š     | 55/114 [00:20<00:21,  2.77it/s]Rendering progress:  49%|â–ˆâ–ˆâ–ˆâ–ˆâ–‰     | 56/114 [00:20<00:20,  2.80it/s]Rendering progress:  50%|â–ˆâ–ˆâ–ˆâ–ˆâ–ˆ     | 57/114 [00:20<00:20,  2.82it/s]Rendering progress:  51%|â–ˆâ–ˆâ–ˆâ–ˆâ–ˆ     | 58/114 [00:21<00:19,  2.84it/s]Rendering progress:  52%|â–ˆâ–ˆâ–ˆâ–ˆâ–ˆâ–    | 59/114 [00:21<00:19,  2.86it/s]Rendering progress:  53%|â–ˆâ–ˆâ–ˆâ–ˆâ–ˆâ–Ž    | 60/114 [00:22<00:18,  2.86it/s]Rendering progress:  54%|â–ˆâ–ˆâ–ˆâ–ˆâ–ˆâ–Ž    | 61/114 [00:22<00:18,  2.87it/s]Rendering progress:  54%|â–ˆâ–ˆâ–ˆâ–ˆâ–ˆâ–    | 62/114 [00:22<00:17,  2.90it/s]Rendering progress:  55%|â–ˆâ–ˆâ–ˆâ–ˆâ–ˆâ–Œ    | 63/114 [00:23<00:17,  2.92it/s]Rendering progress:  56%|â–ˆâ–ˆâ–ˆâ–ˆâ–ˆâ–Œ    | 64/114 [00:23<00:16,  2.95it/s]Rendering progress:  57%|â–ˆâ–ˆâ–ˆâ–ˆâ–ˆâ–‹    | 65/114 [00:23<00:16,  2.98it/s]Rendering progress:  58%|â–ˆâ–ˆâ–ˆâ–ˆâ–ˆâ–Š    | 66/114 [00:24<00:16,  2.98it/s]Rendering progress:  59%|â–ˆâ–ˆâ–ˆâ–ˆâ–ˆâ–‰    | 67/114 [00:24<00:15,  2.97it/s]Rendering progress:  60%|â–ˆâ–ˆâ–ˆâ–ˆâ–ˆâ–‰    | 68/114 [00:24<00:15,  2.96it/s]Rendering progress:  61%|â–ˆâ–ˆâ–ˆâ–ˆâ–ˆâ–ˆ    | 69/114 [00:25<00:15,  2.96it/s]Rendering progress:  61%|â–ˆâ–ˆâ–ˆâ–ˆâ–ˆâ–ˆâ–   | 70/114 [00:25<00:14,  2.94it/s]Rendering progress:  62%|â–ˆâ–ˆâ–ˆâ–ˆâ–ˆâ–ˆâ–   | 71/114 [00:25<00:14,  2.93it/s]Rendering progress:  63%|â–ˆâ–ˆâ–ˆâ–ˆâ–ˆâ–ˆâ–Ž   | 72/114 [00:26<00:14,  2.92it/s]Rendering progress:  64%|â–ˆâ–ˆâ–ˆâ–ˆâ–ˆâ–ˆâ–   | 73/114 [00:26<00:14,  2.88it/s]Rendering progress:  65%|â–ˆâ–ˆâ–ˆâ–ˆâ–ˆâ–ˆâ–   | 74/114 [00:26<00:14,  2.83it/s]Rendering progress:  66%|â–ˆâ–ˆâ–ˆâ–ˆâ–ˆâ–ˆâ–Œ   | 75/114 [00:27<00:13,  2.86it/s]Rendering progress:  67%|â–ˆâ–ˆâ–ˆâ–ˆâ–ˆâ–ˆâ–‹   | 76/114 [00:27<00:13,  2.89it/s]Rendering progress:  68%|â–ˆâ–ˆâ–ˆâ–ˆâ–ˆâ–ˆâ–Š   | 77/114 [00:27<00:12,  2.93it/s]Rendering progress:  68%|â–ˆâ–ˆâ–ˆâ–ˆâ–ˆâ–ˆâ–Š   | 78/114 [00:28<00:12,  2.79it/s]Rendering progress:  69%|â–ˆâ–ˆâ–ˆâ–ˆâ–ˆâ–ˆâ–‰   | 79/114 [00:28<00:12,  2.71it/s]Rendering progress:  70%|â–ˆâ–ˆâ–ˆâ–ˆâ–ˆâ–ˆâ–ˆ   | 80/114 [00:28<00:12,  2.77it/s]Rendering progress:  71%|â–ˆâ–ˆâ–ˆâ–ˆâ–ˆâ–ˆâ–ˆ   | 81/114 [00:29<00:11,  2.83it/s]Rendering progress:  72%|â–ˆâ–ˆâ–ˆâ–ˆâ–ˆâ–ˆâ–ˆâ–  | 82/114 [00:29<00:11,  2.82it/s]Rendering progress:  73%|â–ˆâ–ˆâ–ˆâ–ˆâ–ˆâ–ˆâ–ˆâ–Ž  | 83/114 [00:30<00:11,  2.71it/s]Rendering progress:  74%|â–ˆâ–ˆâ–ˆâ–ˆâ–ˆâ–ˆâ–ˆâ–Ž  | 84/114 [00:30<00:10,  2.77it/s]Rendering progress:  75%|â–ˆâ–ˆâ–ˆâ–ˆâ–ˆâ–ˆâ–ˆâ–  | 85/114 [00:30<00:10,  2.82it/s]Rendering progress:  75%|â–ˆâ–ˆâ–ˆâ–ˆâ–ˆâ–ˆâ–ˆâ–Œ  | 86/114 [00:31<00:09,  2.85it/s]Rendering progress:  76%|â–ˆâ–ˆâ–ˆâ–ˆâ–ˆâ–ˆâ–ˆâ–‹  | 87/114 [00:31<00:09,  2.87it/s]Rendering progress:  77%|â–ˆâ–ˆâ–ˆâ–ˆâ–ˆâ–ˆâ–ˆâ–‹  | 88/114 [00:31<00:09,  2.89it/s]Rendering progress:  78%|â–ˆâ–ˆâ–ˆâ–ˆâ–ˆâ–ˆâ–ˆâ–Š  | 89/114 [00:32<00:08,  2.90it/s]Rendering progress:  79%|â–ˆâ–ˆâ–ˆâ–ˆâ–ˆâ–ˆâ–ˆâ–‰  | 90/114 [00:32<00:08,  2.92it/s]Rendering progress:  80%|â–ˆâ–ˆâ–ˆâ–ˆâ–ˆâ–ˆâ–ˆâ–‰  | 91/114 [00:32<00:07,  2.91it/s]Rendering progress:  81%|â–ˆâ–ˆâ–ˆâ–ˆâ–ˆâ–ˆâ–ˆâ–ˆ  | 92/114 [00:33<00:07,  2.91it/s]Rendering progress:  82%|â–ˆâ–ˆâ–ˆâ–ˆâ–ˆâ–ˆâ–ˆâ–ˆâ– | 93/114 [00:33<00:07,  2.91it/s]Rendering progress:  82%|â–ˆâ–ˆâ–ˆâ–ˆâ–ˆâ–ˆâ–ˆâ–ˆâ– | 94/114 [00:33<00:07,  2.86it/s]Rendering progress:  83%|â–ˆâ–ˆâ–ˆâ–ˆâ–ˆâ–ˆâ–ˆâ–ˆâ–Ž | 95/114 [00:34<00:06,  2.87it/s]Rendering progress:  84%|â–ˆâ–ˆâ–ˆâ–ˆâ–ˆâ–ˆâ–ˆâ–ˆâ– | 96/114 [00:34<00:06,  2.89it/s]Rendering progress:  85%|â–ˆâ–ˆâ–ˆâ–ˆâ–ˆâ–ˆâ–ˆâ–ˆâ–Œ | 97/114 [00:34<00:05,  2.90it/s]Rendering progress:  86%|â–ˆâ–ˆâ–ˆâ–ˆâ–ˆâ–ˆâ–ˆâ–ˆâ–Œ | 98/114 [00:35<00:05,  2.91it/s]Rendering progress:  87%|â–ˆâ–ˆâ–ˆâ–ˆâ–ˆâ–ˆâ–ˆâ–ˆâ–‹ | 99/114 [00:35<00:05,  2.93it/s]Rendering progress:  88%|â–ˆâ–ˆâ–ˆâ–ˆâ–ˆâ–ˆâ–ˆâ–ˆâ–Š | 100/114 [00:35<00:04,  2.83it/s]Rendering progress:  89%|â–ˆâ–ˆâ–ˆâ–ˆâ–ˆâ–ˆâ–ˆâ–ˆâ–Š | 101/114 [00:36<00:04,  2.86it/s]Rendering progress:  89%|â–ˆâ–ˆâ–ˆâ–ˆâ–ˆâ–ˆâ–ˆâ–ˆâ–‰ | 102/114 [00:36<00:04,  2.89it/s]Rendering progress:  90%|â–ˆâ–ˆâ–ˆâ–ˆâ–ˆâ–ˆâ–ˆâ–ˆâ–ˆ | 103/114 [00:36<00:03,  2.90it/s]Rendering progress:  91%|â–ˆâ–ˆâ–ˆâ–ˆâ–ˆâ–ˆâ–ˆâ–ˆâ–ˆ | 104/114 [00:37<00:03,  2.91it/s]Rendering progress:  92%|â–ˆâ–ˆâ–ˆâ–ˆâ–ˆâ–ˆâ–ˆâ–ˆâ–ˆâ–| 105/114 [00:37<00:03,  2.91it/s]Rendering progress:  93%|â–ˆâ–ˆâ–ˆâ–ˆâ–ˆâ–ˆâ–ˆâ–ˆâ–ˆâ–Ž| 106/114 [00:37<00:02,  2.91it/s]Rendering progress:  94%|â–ˆâ–ˆâ–ˆâ–ˆâ–ˆâ–ˆâ–ˆâ–ˆâ–ˆâ–| 107/114 [00:38<00:02,  2.81it/s]Rendering progress:  95%|â–ˆâ–ˆâ–ˆâ–ˆâ–ˆâ–ˆâ–ˆâ–ˆâ–ˆâ–| 108/114 [00:38<00:02,  2.69it/s]Rendering progress:  96%|â–ˆâ–ˆâ–ˆâ–ˆâ–ˆâ–ˆâ–ˆâ–ˆâ–ˆâ–Œ| 109/114 [00:39<00:01,  2.75it/s]Rendering progress:  96%|â–ˆâ–ˆâ–ˆâ–ˆâ–ˆâ–ˆâ–ˆâ–ˆâ–ˆâ–‹| 110/114 [00:39<00:01,  2.81it/s]Rendering progress:  97%|â–ˆâ–ˆâ–ˆâ–ˆâ–ˆâ–ˆâ–ˆâ–ˆâ–ˆâ–‹| 111/114 [00:39<00:01,  2.85it/s]Rendering progress:  98%|â–ˆâ–ˆâ–ˆâ–ˆâ–ˆâ–ˆâ–ˆâ–ˆâ–ˆâ–Š| 112/114 [00:40<00:00,  2.87it/s]Rendering progress:  99%|â–ˆâ–ˆâ–ˆâ–ˆâ–ˆâ–ˆâ–ˆâ–ˆâ–ˆâ–‰| 113/114 [00:40<00:00,  2.86it/s]Rendering progress: 100%|â–ˆâ–ˆâ–ˆâ–ˆâ–ˆâ–ˆâ–ˆâ–ˆâ–ˆâ–ˆ| 114/114 [00:40<00:00,  2.88it/s]Rendering progress: 100%|â–ˆâ–ˆâ–ˆâ–ˆâ–ˆâ–ˆâ–ˆâ–ˆâ–ˆâ–ˆ| 114/114 [00:40<00:00,  2.79it/s]
Rendering progress:   0%|          | 0/114 [00:00<?, ?it/s]Rendering progress:   2%|â–         | 2/114 [00:00<00:08, 13.02it/s]Rendering progress:   4%|â–Ž         | 4/114 [00:00<00:08, 13.00it/s]Rendering progress:   5%|â–Œ         | 6/114 [00:00<00:07, 13.53it/s]Rendering progress:   7%|â–‹         | 8/114 [00:00<00:07, 14.17it/s]Rendering progress:   9%|â–‰         | 10/114 [00:00<00:07, 14.53it/s]Rendering progress:  11%|â–ˆ         | 12/114 [00:00<00:06, 14.68it/s]Rendering progress:  12%|â–ˆâ–        | 14/114 [00:00<00:06, 14.76it/s]Rendering progress:  14%|â–ˆâ–        | 16/114 [00:01<00:06, 14.83it/s]Rendering progress:  16%|â–ˆâ–Œ        | 18/114 [00:01<00:06, 14.88it/s]Rendering progress:  18%|â–ˆâ–Š        | 20/114 [00:01<00:06, 14.91it/s]Rendering progress:  19%|â–ˆâ–‰        | 22/114 [00:01<00:06, 14.91it/s]Rendering progress:  21%|â–ˆâ–ˆ        | 24/114 [00:01<00:06, 14.90it/s]Rendering progress:  23%|â–ˆâ–ˆâ–Ž       | 26/114 [00:01<00:05, 14.87it/s]Rendering progress:  25%|â–ˆâ–ˆâ–       | 28/114 [00:01<00:05, 14.88it/s]Rendering progress:  26%|â–ˆâ–ˆâ–‹       | 30/114 [00:02<00:05, 14.88it/s]Rendering progress:  28%|â–ˆâ–ˆâ–Š       | 32/114 [00:02<00:05, 14.88it/s]Rendering progress:  30%|â–ˆâ–ˆâ–‰       | 34/114 [00:02<00:05, 14.86it/s]Rendering progress:  32%|â–ˆâ–ˆâ–ˆâ–      | 36/114 [00:02<00:05, 14.83it/s]Rendering progress:  33%|â–ˆâ–ˆâ–ˆâ–Ž      | 38/114 [00:02<00:05, 14.82it/s]Rendering progress:  35%|â–ˆâ–ˆâ–ˆâ–Œ      | 40/114 [00:02<00:04, 14.84it/s]Rendering progress:  37%|â–ˆâ–ˆâ–ˆâ–‹      | 42/114 [00:02<00:04, 14.83it/s]Rendering progress:  39%|â–ˆâ–ˆâ–ˆâ–Š      | 44/114 [00:02<00:04, 14.82it/s]Rendering progress:  40%|â–ˆâ–ˆâ–ˆâ–ˆ      | 46/114 [00:03<00:04, 14.80it/s]Rendering progress:  42%|â–ˆâ–ˆâ–ˆâ–ˆâ–     | 48/114 [00:03<00:04, 14.76it/s]Rendering progress:  44%|â–ˆâ–ˆâ–ˆâ–ˆâ–     | 50/114 [00:03<00:04, 14.77it/s]Rendering progress:  46%|â–ˆâ–ˆâ–ˆâ–ˆâ–Œ     | 52/114 [00:03<00:04, 14.77it/s]Rendering progress:  47%|â–ˆâ–ˆâ–ˆâ–ˆâ–‹     | 54/114 [00:03<00:04, 14.75it/s]Rendering progress:  49%|â–ˆâ–ˆâ–ˆâ–ˆâ–‰     | 56/114 [00:03<00:03, 14.71it/s]Rendering progress:  51%|â–ˆâ–ˆâ–ˆâ–ˆâ–ˆ     | 58/114 [00:03<00:03, 14.68it/s]Rendering progress:  53%|â–ˆâ–ˆâ–ˆâ–ˆâ–ˆâ–Ž    | 60/114 [00:04<00:03, 14.68it/s]Rendering progress:  54%|â–ˆâ–ˆâ–ˆâ–ˆâ–ˆâ–    | 62/114 [00:04<00:03, 14.70it/s]Rendering progress:  56%|â–ˆâ–ˆâ–ˆâ–ˆâ–ˆâ–Œ    | 64/114 [00:04<00:03, 14.70it/s]Rendering progress:  58%|â–ˆâ–ˆâ–ˆâ–ˆâ–ˆâ–Š    | 66/114 [00:04<00:03, 14.72it/s]Rendering progress:  60%|â–ˆâ–ˆâ–ˆâ–ˆâ–ˆâ–‰    | 68/114 [00:04<00:03, 14.72it/s]Rendering progress:  61%|â–ˆâ–ˆâ–ˆâ–ˆâ–ˆâ–ˆâ–   | 70/114 [00:04<00:02, 14.71it/s]Rendering progress:  63%|â–ˆâ–ˆâ–ˆâ–ˆâ–ˆâ–ˆâ–Ž   | 72/114 [00:04<00:02, 14.72it/s]Rendering progress:  65%|â–ˆâ–ˆâ–ˆâ–ˆâ–ˆâ–ˆâ–   | 74/114 [00:05<00:02, 14.71it/s]Rendering progress:  67%|â–ˆâ–ˆâ–ˆâ–ˆâ–ˆâ–ˆâ–‹   | 76/114 [00:05<00:02, 14.71it/s]Rendering progress:  68%|â–ˆâ–ˆâ–ˆâ–ˆâ–ˆâ–ˆâ–Š   | 78/114 [00:05<00:02, 14.70it/s]Rendering progress:  70%|â–ˆâ–ˆâ–ˆâ–ˆâ–ˆâ–ˆâ–ˆ   | 80/114 [00:05<00:02, 14.65it/s]Rendering progress:  72%|â–ˆâ–ˆâ–ˆâ–ˆâ–ˆâ–ˆâ–ˆâ–  | 82/114 [00:05<00:02, 14.64it/s]Rendering progress:  74%|â–ˆâ–ˆâ–ˆâ–ˆâ–ˆâ–ˆâ–ˆâ–Ž  | 84/114 [00:05<00:02, 14.62it/s]Rendering progress:  75%|â–ˆâ–ˆâ–ˆâ–ˆâ–ˆâ–ˆâ–ˆâ–Œ  | 86/114 [00:05<00:01, 14.58it/s]Rendering progress:  77%|â–ˆâ–ˆâ–ˆâ–ˆâ–ˆâ–ˆâ–ˆâ–‹  | 88/114 [00:05<00:01, 14.53it/s]Rendering progress:  79%|â–ˆâ–ˆâ–ˆâ–ˆâ–ˆâ–ˆâ–ˆâ–‰  | 90/114 [00:06<00:01, 14.45it/s]Rendering progress:  81%|â–ˆâ–ˆâ–ˆâ–ˆâ–ˆâ–ˆâ–ˆâ–ˆ  | 92/114 [00:06<00:01, 14.46it/s]Rendering progress:  82%|â–ˆâ–ˆâ–ˆâ–ˆâ–ˆâ–ˆâ–ˆâ–ˆâ– | 94/114 [00:06<00:01, 14.43it/s]Rendering progress:  84%|â–ˆâ–ˆâ–ˆâ–ˆâ–ˆâ–ˆâ–ˆâ–ˆâ– | 96/114 [00:06<00:01, 14.41it/s]Rendering progress:  86%|â–ˆâ–ˆâ–ˆâ–ˆâ–ˆâ–ˆâ–ˆâ–ˆâ–Œ | 98/114 [00:06<00:01, 14.45it/s]Rendering progress:  88%|â–ˆâ–ˆâ–ˆâ–ˆâ–ˆâ–ˆâ–ˆâ–ˆâ–Š | 100/114 [00:06<00:00, 14.49it/s]Rendering progress:  89%|â–ˆâ–ˆâ–ˆâ–ˆâ–ˆâ–ˆâ–ˆâ–ˆâ–‰ | 102/114 [00:06<00:00, 14.35it/s]Rendering progress:  91%|â–ˆâ–ˆâ–ˆâ–ˆâ–ˆâ–ˆâ–ˆâ–ˆâ–ˆ | 104/114 [00:07<00:00, 14.30it/s]Rendering progress:  93%|â–ˆâ–ˆâ–ˆâ–ˆâ–ˆâ–ˆâ–ˆâ–ˆâ–ˆâ–Ž| 106/114 [00:07<00:00, 14.29it/s]Rendering progress:  95%|â–ˆâ–ˆâ–ˆâ–ˆâ–ˆâ–ˆâ–ˆâ–ˆâ–ˆâ–| 108/114 [00:07<00:00, 14.35it/s]Rendering progress:  96%|â–ˆâ–ˆâ–ˆâ–ˆâ–ˆâ–ˆâ–ˆâ–ˆâ–ˆâ–‹| 110/114 [00:07<00:00, 14.38it/s]Rendering progress:  98%|â–ˆâ–ˆâ–ˆâ–ˆâ–ˆâ–ˆâ–ˆâ–ˆâ–ˆâ–Š| 112/114 [00:07<00:00, 14.36it/s]Rendering progress: 100%|â–ˆâ–ˆâ–ˆâ–ˆâ–ˆâ–ˆâ–ˆâ–ˆâ–ˆâ–ˆ| 114/114 [00:07<00:00, 14.21it/s]Rendering progress: 100%|â–ˆâ–ˆâ–ˆâ–ˆâ–ˆâ–ˆâ–ˆâ–ˆâ–ˆâ–ˆ| 114/114 [00:07<00:00, 14.59it/s]
Test FPS: [1;35m14.70240[0m, Num. of GS: 336818 [03/07 18:08:29]
Rendering progress: 0it [00:00, ?it/s]Rendering progress: 0it [00:00, ?it/s]
Rendering progress: 0it [00:00, ?it/s]Rendering progress: 0it [00:00, ?it/s]
/cluster/home/mbressieux/network_DSU/Deformable-3D-Gaussians/render.py:96: RuntimeWarning: Mean of empty slice.
  fps = 1.0 / t.mean()
/cluster/project/hilliges/mbressieux/.virtualenvs/Def3DGS/lib/python3.11/site-packages/numpy/_core/_methods.py:138: RuntimeWarning: invalid value encountered in scalar divide
  ret = ret.dtype.type(ret / rcount)
Traceback (most recent call last):
  File "/cluster/home/mbressieux/network_DSU/Deformable-3D-Gaussians/render.py", line 580, in <module>
    render_sets(
  File "/cluster/home/mbressieux/network_DSU/Deformable-3D-Gaussians/render.py", line 546, in render_sets
    render_func(
  File "/cluster/home/mbressieux/network_DSU/Deformable-3D-Gaussians/render.py", line 97, in render_set
    print(f"Test FPS: \033[1;35m{fps:.5f}\033[0m, Num. of GS: {xyz.shape[0]}")
          ^^^^^^^^^^^^^^^^^^^^^^^^^^^^^^^^^^^^^^^^^^^^^^^^^^^^^^^^^^^^^^^^^^^
UnboundLocalError: cannot access local variable 'xyz' where it is not associated with a value
/cluster/project/hilliges/mbressieux/.virtualenvs/Def3DGS/lib/python3.11/site-packages/torchvision/models/_utils.py:208: UserWarning: The parameter 'pretrained' is deprecated since 0.13 and may be removed in the future, please use 'weights' instead.
  warnings.warn(
/cluster/project/hilliges/mbressieux/.virtualenvs/Def3DGS/lib/python3.11/site-packages/torchvision/models/_utils.py:223: UserWarning: Arguments other than a weight enum or `None` for 'weights' are deprecated since 0.13 and may be removed in the future. The current behavior is equivalent to passing `weights=VGG16_Weights.IMAGENET1K_V1`. You can also use `weights=VGG16_Weights.DEFAULT` to get the most up-to-date weights.
  warnings.warn(msg)
Downloading: "https://download.pytorch.org/models/vgg16-397923af.pth" to /cluster/home/mbressieux/.cache/torch/hub/checkpoints/vgg16-397923af.pth
Setting up [LPIPS] perceptual loss: trunk [vgg], v[0.1], spatial [off]
Traceback (most recent call last):
  File "/cluster/software/stacks/2024-06/spack/opt/spack/linux-ubuntu22.04-x86_64_v3/gcc-12.2.0/python-3.11.6-ukhwpjnwzzzizek3pgr75zkbhxros5fq/lib/python3.11/urllib/request.py", line 1348, in do_open
    h.request(req.get_method(), req.selector, req.data, headers,
  File "/cluster/software/stacks/2024-06/spack/opt/spack/linux-ubuntu22.04-x86_64_v3/gcc-12.2.0/python-3.11.6-ukhwpjnwzzzizek3pgr75zkbhxros5fq/lib/python3.11/http/client.py", line 1286, in request
    self._send_request(method, url, body, headers, encode_chunked)
  File "/cluster/software/stacks/2024-06/spack/opt/spack/linux-ubuntu22.04-x86_64_v3/gcc-12.2.0/python-3.11.6-ukhwpjnwzzzizek3pgr75zkbhxros5fq/lib/python3.11/http/client.py", line 1332, in _send_request
    self.endheaders(body, encode_chunked=encode_chunked)
  File "/cluster/software/stacks/2024-06/spack/opt/spack/linux-ubuntu22.04-x86_64_v3/gcc-12.2.0/python-3.11.6-ukhwpjnwzzzizek3pgr75zkbhxros5fq/lib/python3.11/http/client.py", line 1281, in endheaders
    self._send_output(message_body, encode_chunked=encode_chunked)
  File "/cluster/software/stacks/2024-06/spack/opt/spack/linux-ubuntu22.04-x86_64_v3/gcc-12.2.0/python-3.11.6-ukhwpjnwzzzizek3pgr75zkbhxros5fq/lib/python3.11/http/client.py", line 1041, in _send_output
    self.send(msg)
  File "/cluster/software/stacks/2024-06/spack/opt/spack/linux-ubuntu22.04-x86_64_v3/gcc-12.2.0/python-3.11.6-ukhwpjnwzzzizek3pgr75zkbhxros5fq/lib/python3.11/http/client.py", line 979, in send
    self.connect()
  File "/cluster/software/stacks/2024-06/spack/opt/spack/linux-ubuntu22.04-x86_64_v3/gcc-12.2.0/python-3.11.6-ukhwpjnwzzzizek3pgr75zkbhxros5fq/lib/python3.11/http/client.py", line 1451, in connect
    super().connect()
  File "/cluster/software/stacks/2024-06/spack/opt/spack/linux-ubuntu22.04-x86_64_v3/gcc-12.2.0/python-3.11.6-ukhwpjnwzzzizek3pgr75zkbhxros5fq/lib/python3.11/http/client.py", line 945, in connect
    self.sock = self._create_connection(
                ^^^^^^^^^^^^^^^^^^^^^^^^
  File "/cluster/software/stacks/2024-06/spack/opt/spack/linux-ubuntu22.04-x86_64_v3/gcc-12.2.0/python-3.11.6-ukhwpjnwzzzizek3pgr75zkbhxros5fq/lib/python3.11/socket.py", line 851, in create_connection
    raise exceptions[0]
  File "/cluster/software/stacks/2024-06/spack/opt/spack/linux-ubuntu22.04-x86_64_v3/gcc-12.2.0/python-3.11.6-ukhwpjnwzzzizek3pgr75zkbhxros5fq/lib/python3.11/socket.py", line 836, in create_connection
    sock.connect(sa)
OSError: [Errno 101] Network is unreachable

During handling of the above exception, another exception occurred:

Traceback (most recent call last):
  File "/cluster/home/mbressieux/network_DSU/Deformable-3D-Gaussians/metrics.py", line 104, in <module>
    lpips_fn = lpips.LPIPS(net='vgg').to(device)
               ^^^^^^^^^^^^^^^^^^^^^^
  File "/cluster/project/hilliges/mbressieux/.virtualenvs/Def3DGS/lib/python3.11/site-packages/lpips/lpips.py", line 84, in __init__
    self.net = net_type(pretrained=not self.pnet_rand, requires_grad=self.pnet_tune)
               ^^^^^^^^^^^^^^^^^^^^^^^^^^^^^^^^^^^^^^^^^^^^^^^^^^^^^^^^^^^^^^^^^^^^^
  File "/cluster/project/hilliges/mbressieux/.virtualenvs/Def3DGS/lib/python3.11/site-packages/lpips/pretrained_networks.py", line 99, in __init__
    vgg_pretrained_features = tv.vgg16(pretrained=pretrained).features
                              ^^^^^^^^^^^^^^^^^^^^^^^^^^^^^^^
  File "/cluster/project/hilliges/mbressieux/.virtualenvs/Def3DGS/lib/python3.11/site-packages/torchvision/models/_utils.py", line 142, in wrapper
    return fn(*args, **kwargs)
           ^^^^^^^^^^^^^^^^^^^
  File "/cluster/project/hilliges/mbressieux/.virtualenvs/Def3DGS/lib/python3.11/site-packages/torchvision/models/_utils.py", line 228, in inner_wrapper
    return builder(*args, **kwargs)
           ^^^^^^^^^^^^^^^^^^^^^^^^
  File "/cluster/project/hilliges/mbressieux/.virtualenvs/Def3DGS/lib/python3.11/site-packages/torchvision/models/vgg.py", line 433, in vgg16
    return _vgg("D", False, weights, progress, **kwargs)
           ^^^^^^^^^^^^^^^^^^^^^^^^^^^^^^^^^^^^^^^^^^^^^
  File "/cluster/project/hilliges/mbressieux/.virtualenvs/Def3DGS/lib/python3.11/site-packages/torchvision/models/vgg.py", line 105, in _vgg
    model.load_state_dict(weights.get_state_dict(progress=progress, check_hash=True))
                          ^^^^^^^^^^^^^^^^^^^^^^^^^^^^^^^^^^^^^^^^^^^^^^^^^^^^^^^^^^
  File "/cluster/project/hilliges/mbressieux/.virtualenvs/Def3DGS/lib/python3.11/site-packages/torchvision/models/_api.py", line 90, in get_state_dict
    return load_state_dict_from_url(self.url, *args, **kwargs)
           ^^^^^^^^^^^^^^^^^^^^^^^^^^^^^^^^^^^^^^^^^^^^^^^^^^^
  File "/cluster/project/hilliges/mbressieux/.virtualenvs/Def3DGS/lib/python3.11/site-packages/torch/hub.py", line 760, in load_state_dict_from_url
    download_url_to_file(url, cached_file, hash_prefix, progress=progress)
  File "/cluster/project/hilliges/mbressieux/.virtualenvs/Def3DGS/lib/python3.11/site-packages/torch/hub.py", line 622, in download_url_to_file
    u = urlopen(req)
        ^^^^^^^^^^^^
  File "/cluster/software/stacks/2024-06/spack/opt/spack/linux-ubuntu22.04-x86_64_v3/gcc-12.2.0/python-3.11.6-ukhwpjnwzzzizek3pgr75zkbhxros5fq/lib/python3.11/urllib/request.py", line 216, in urlopen
    return opener.open(url, data, timeout)
           ^^^^^^^^^^^^^^^^^^^^^^^^^^^^^^^
  File "/cluster/software/stacks/2024-06/spack/opt/spack/linux-ubuntu22.04-x86_64_v3/gcc-12.2.0/python-3.11.6-ukhwpjnwzzzizek3pgr75zkbhxros5fq/lib/python3.11/urllib/request.py", line 519, in open
    response = self._open(req, data)
               ^^^^^^^^^^^^^^^^^^^^^
  File "/cluster/software/stacks/2024-06/spack/opt/spack/linux-ubuntu22.04-x86_64_v3/gcc-12.2.0/python-3.11.6-ukhwpjnwzzzizek3pgr75zkbhxros5fq/lib/python3.11/urllib/request.py", line 536, in _open
    result = self._call_chain(self.handle_open, protocol, protocol +
             ^^^^^^^^^^^^^^^^^^^^^^^^^^^^^^^^^^^^^^^^^^^^^^^^^^^^^^^
  File "/cluster/software/stacks/2024-06/spack/opt/spack/linux-ubuntu22.04-x86_64_v3/gcc-12.2.0/python-3.11.6-ukhwpjnwzzzizek3pgr75zkbhxros5fq/lib/python3.11/urllib/request.py", line 496, in _call_chain
    result = func(*args)
             ^^^^^^^^^^^
  File "/cluster/software/stacks/2024-06/spack/opt/spack/linux-ubuntu22.04-x86_64_v3/gcc-12.2.0/python-3.11.6-ukhwpjnwzzzizek3pgr75zkbhxros5fq/lib/python3.11/urllib/request.py", line 1391, in https_open
    return self.do_open(http.client.HTTPSConnection, req,
           ^^^^^^^^^^^^^^^^^^^^^^^^^^^^^^^^^^^^^^^^^^^^^^
  File "/cluster/software/stacks/2024-06/spack/opt/spack/linux-ubuntu22.04-x86_64_v3/gcc-12.2.0/python-3.11.6-ukhwpjnwzzzizek3pgr75zkbhxros5fq/lib/python3.11/urllib/request.py", line 1351, in do_open
    raise URLError(err)
urllib.error.URLError: <urlopen error [Errno 101] Network is unreachable>
